c:\users\student\desktop\3d_actiongame\3d_action\team\release\team.pch
c:\users\student\desktop\3d_actiongame\3d_action\team\release\vc142.pdb
c:\users\student\desktop\3d_actiongame\3d_action\team\release\team.pchast
c:\users\student\desktop\3d_actiongame\3d_action\team\release\precompile.nativecodeanalysis.sarif
c:\users\student\desktop\3d_actiongame\3d_action\team\release\precompile.nativecodeanalysis.xml
c:\users\student\desktop\3d_actiongame\3d_action\team\release\precompile.obj
c:\users\student\desktop\3d_actiongame\3d_action\team\release\object2d.nativecodeanalysis.sarif
c:\users\student\desktop\3d_actiongame\3d_action\team\release\object2d.nativecodeanalysis.xml
c:\users\student\desktop\3d_actiongame\3d_action\team\release\object.nativecodeanalysis.sarif
c:\users\student\desktop\3d_actiongame\3d_action\team\release\object.nativecodeanalysis.xml
c:\users\student\desktop\3d_actiongame\3d_action\team\release\numberfall.nativecodeanalysis.sarif
c:\users\student\desktop\3d_actiongame\3d_action\team\release\numberfall.nativecodeanalysis.xml
c:\users\student\desktop\3d_actiongame\3d_action\team\release\numberbillboard.nativecodeanalysis.sarif
c:\users\student\desktop\3d_actiongame\3d_action\team\release\numberbillboard.nativecodeanalysis.xml
c:\users\student\desktop\3d_actiongame\3d_action\team\release\number.nativecodeanalysis.sarif
c:\users\student\desktop\3d_actiongame\3d_action\team\release\number.nativecodeanalysis.xml
c:\users\student\desktop\3d_actiongame\3d_action\team\release\motion.nativecodeanalysis.sarif
c:\users\student\desktop\3d_actiongame\3d_action\team\release\motion.nativecodeanalysis.xml
c:\users\student\desktop\3d_actiongame\3d_action\team\release\model.nativecodeanalysis.sarif
c:\users\student\desktop\3d_actiongame\3d_action\team\release\model.nativecodeanalysis.xml
c:\users\student\desktop\3d_actiongame\3d_action\team\release\manager.nativecodeanalysis.sarif
c:\users\student\desktop\3d_actiongame\3d_action\team\release\manager.nativecodeanalysis.xml
c:\users\student\desktop\3d_actiongame\3d_action\team\release\main.nativecodeanalysis.sarif
c:\users\student\desktop\3d_actiongame\3d_action\team\release\main.nativecodeanalysis.xml
c:\users\student\desktop\3d_actiongame\3d_action\team\release\light.nativecodeanalysis.sarif
c:\users\student\desktop\3d_actiongame\3d_action\team\release\light.nativecodeanalysis.xml
c:\users\student\desktop\3d_actiongame\3d_action\team\release\input.nativecodeanalysis.sarif
c:\users\student\desktop\3d_actiongame\3d_action\team\release\input.nativecodeanalysis.xml
c:\users\student\desktop\3d_actiongame\3d_action\team\release\game.nativecodeanalysis.sarif
c:\users\student\desktop\3d_actiongame\3d_action\team\release\game.nativecodeanalysis.xml
c:\users\student\desktop\3d_actiongame\3d_action\team\release\fade.nativecodeanalysis.sarif
c:\users\student\desktop\3d_actiongame\3d_action\team\release\fade.nativecodeanalysis.xml
c:\users\student\desktop\3d_actiongame\3d_action\team\release\effect.nativecodeanalysis.sarif
c:\users\student\desktop\3d_actiongame\3d_action\team\release\effect.nativecodeanalysis.xml
c:\users\student\desktop\3d_actiongame\3d_action\team\release\debugproc.nativecodeanalysis.sarif
c:\users\student\desktop\3d_actiongame\3d_action\team\release\debugproc.nativecodeanalysis.xml
c:\users\student\desktop\3d_actiongame\3d_action\team\release\cubespin.nativecodeanalysis.sarif
c:\users\student\desktop\3d_actiongame\3d_action\team\release\cubespin.nativecodeanalysis.xml
c:\users\student\desktop\3d_actiongame\3d_action\team\release\cubedamage.nativecodeanalysis.sarif
c:\users\student\desktop\3d_actiongame\3d_action\team\release\cubedamage.nativecodeanalysis.xml
c:\users\student\desktop\3d_actiongame\3d_action\team\release\cubeblock.nativecodeanalysis.sarif
c:\users\student\desktop\3d_actiongame\3d_action\team\release\cubeblock.nativecodeanalysis.xml
c:\users\student\desktop\3d_actiongame\3d_action\team\release\camera.nativecodeanalysis.sarif
c:\users\student\desktop\3d_actiongame\3d_action\team\release\camera.nativecodeanalysis.xml
c:\users\student\desktop\3d_actiongame\3d_action\team\release\boss.nativecodeanalysis.sarif
c:\users\student\desktop\3d_actiongame\3d_action\team\release\boss.nativecodeanalysis.xml
c:\users\student\desktop\3d_actiongame\3d_action\team\release\boss.obj
c:\users\student\desktop\3d_actiongame\3d_action\team\release\camera.obj
c:\users\student\desktop\3d_actiongame\3d_action\team\release\cubeblock.obj
c:\users\student\desktop\3d_actiongame\3d_action\team\release\cubedamage.obj
c:\users\student\desktop\3d_actiongame\3d_action\team\release\cubespin.obj
c:\users\student\desktop\3d_actiongame\3d_action\team\release\debugproc.obj
c:\users\student\desktop\3d_actiongame\3d_action\team\release\effect.obj
c:\users\student\desktop\3d_actiongame\3d_action\team\release\fade.obj
c:\users\student\desktop\3d_actiongame\3d_action\team\release\game.obj
c:\users\student\desktop\3d_actiongame\3d_action\team\release\input.obj
c:\users\student\desktop\3d_actiongame\3d_action\team\release\light.obj
c:\users\student\desktop\3d_actiongame\3d_action\team\release\main.obj
c:\users\student\desktop\3d_actiongame\3d_action\team\release\manager.obj
c:\users\student\desktop\3d_actiongame\3d_action\team\release\model.obj
c:\users\student\desktop\3d_actiongame\3d_action\team\release\motion.obj
c:\users\student\desktop\3d_actiongame\3d_action\team\release\number.obj
c:\users\student\desktop\3d_actiongame\3d_action\team\release\numberbillboard.obj
c:\users\student\desktop\3d_actiongame\3d_action\team\release\numberfall.obj
c:\users\student\desktop\3d_actiongame\3d_action\team\release\object.obj
c:\users\student\desktop\3d_actiongame\3d_action\team\release\object2d.obj
c:\users\student\desktop\3d_actiongame\3d_action\team\release\xmodel.nativecodeanalysis.sarif
c:\users\student\desktop\3d_actiongame\3d_action\team\release\xmodel.nativecodeanalysis.xml
c:\users\student\desktop\3d_actiongame\3d_action\team\release\title.nativecodeanalysis.sarif
c:\users\student\desktop\3d_actiongame\3d_action\team\release\title.nativecodeanalysis.xml
c:\users\student\desktop\3d_actiongame\3d_action\team\release\texture.nativecodeanalysis.sarif
c:\users\student\desktop\3d_actiongame\3d_action\team\release\texture.nativecodeanalysis.xml
c:\users\student\desktop\3d_actiongame\3d_action\team\release\sound.nativecodeanalysis.sarif
c:\users\student\desktop\3d_actiongame\3d_action\team\release\sound.nativecodeanalysis.xml
c:\users\student\desktop\3d_actiongame\3d_action\team\release\result.nativecodeanalysis.sarif
c:\users\student\desktop\3d_actiongame\3d_action\team\release\result.nativecodeanalysis.xml
c:\users\student\desktop\3d_actiongame\3d_action\team\release\renderer.nativecodeanalysis.sarif
c:\users\student\desktop\3d_actiongame\3d_action\team\release\renderer.nativecodeanalysis.xml
c:\users\student\desktop\3d_actiongame\3d_action\team\release\playereffect.nativecodeanalysis.sarif
c:\users\student\desktop\3d_actiongame\3d_action\team\release\playereffect.nativecodeanalysis.xml
c:\users\student\desktop\3d_actiongame\3d_action\team\release\player.nativecodeanalysis.sarif
c:\users\student\desktop\3d_actiongame\3d_action\team\release\player.nativecodeanalysis.xml
c:\users\student\desktop\3d_actiongame\3d_action\team\release\pause.nativecodeanalysis.sarif
c:\users\student\desktop\3d_actiongame\3d_action\team\release\pause.nativecodeanalysis.xml
c:\users\student\desktop\3d_actiongame\3d_action\team\release\particle.nativecodeanalysis.sarif
c:\users\student\desktop\3d_actiongame\3d_action\team\release\particle.nativecodeanalysis.xml
c:\users\student\desktop\3d_actiongame\3d_action\team\release\objmeshwall.nativecodeanalysis.sarif
c:\users\student\desktop\3d_actiongame\3d_action\team\release\objmeshwall.nativecodeanalysis.xml
c:\users\student\desktop\3d_actiongame\3d_action\team\release\objmeshfield.nativecodeanalysis.sarif
c:\users\student\desktop\3d_actiongame\3d_action\team\release\objmeshfield.nativecodeanalysis.xml
c:\users\student\desktop\3d_actiongame\3d_action\team\release\objmeshdome.nativecodeanalysis.sarif
c:\users\student\desktop\3d_actiongame\3d_action\team\release\objmeshdome.nativecodeanalysis.xml
c:\users\student\desktop\3d_actiongame\3d_action\team\release\objmeshcylinder.nativecodeanalysis.sarif
c:\users\student\desktop\3d_actiongame\3d_action\team\release\objmeshcylinder.nativecodeanalysis.xml
c:\users\student\desktop\3d_actiongame\3d_action\team\release\objmeshcube.nativecodeanalysis.sarif
c:\users\student\desktop\3d_actiongame\3d_action\team\release\objmeshcube.nativecodeanalysis.xml
c:\users\student\desktop\3d_actiongame\3d_action\team\release\objgauge2d.nativecodeanalysis.sarif
c:\users\student\desktop\3d_actiongame\3d_action\team\release\objgauge2d.nativecodeanalysis.xml
c:\users\student\desktop\3d_actiongame\3d_action\team\release\objectxtex.nativecodeanalysis.sarif
c:\users\student\desktop\3d_actiongame\3d_action\team\release\objectxtex.nativecodeanalysis.xml
c:\users\student\desktop\3d_actiongame\3d_action\team\release\objectx.nativecodeanalysis.sarif
c:\users\student\desktop\3d_actiongame\3d_action\team\release\objectx.nativecodeanalysis.xml
c:\users\student\desktop\3d_actiongame\3d_action\team\release\objectbillboard.nativecodeanalysis.sarif
c:\users\student\desktop\3d_actiongame\3d_action\team\release\objectbillboard.nativecodeanalysis.xml
c:\users\student\desktop\3d_actiongame\3d_action\team\release\object3d.nativecodeanalysis.sarif
c:\users\student\desktop\3d_actiongame\3d_action\team\release\object3d.nativecodeanalysis.xml
c:\users\student\desktop\3d_actiongame\3d_action\team\release\object3d.obj
c:\users\student\desktop\3d_actiongame\3d_action\team\release\objectbillboard.obj
c:\users\student\desktop\3d_actiongame\3d_action\team\release\objectx.obj
c:\users\student\desktop\3d_actiongame\3d_action\team\release\objectxtex.obj
c:\users\student\desktop\3d_actiongame\3d_action\team\release\objgauge2d.obj
c:\users\student\desktop\3d_actiongame\3d_action\team\release\objmeshcube.obj
c:\users\student\desktop\3d_actiongame\3d_action\team\release\objmeshcylinder.obj
c:\users\student\desktop\3d_actiongame\3d_action\team\release\objmeshdome.obj
c:\users\student\desktop\3d_actiongame\3d_action\team\release\objmeshfield.obj
c:\users\student\desktop\3d_actiongame\3d_action\team\release\objmeshwall.obj
c:\users\student\desktop\3d_actiongame\3d_action\team\release\particle.obj
c:\users\student\desktop\3d_actiongame\3d_action\team\release\pause.obj
c:\users\student\desktop\3d_actiongame\3d_action\team\release\player.obj
c:\users\student\desktop\3d_actiongame\3d_action\team\release\playereffect.obj
c:\users\student\desktop\3d_actiongame\3d_action\team\release\renderer.obj
c:\users\student\desktop\3d_actiongame\3d_action\team\release\result.obj
c:\users\student\desktop\3d_actiongame\3d_action\team\release\sound.obj
c:\users\student\desktop\3d_actiongame\3d_action\team\release\texture.obj
c:\users\student\desktop\3d_actiongame\3d_action\team\release\title.obj
c:\users\student\desktop\3d_actiongame\3d_action\team\release\xmodel.obj
c:\users\student\desktop\3d_actiongame\3d_action\team\team.exe
c:\users\student\desktop\3d_actiongame\3d_action\team\release\team.ipdb
c:\users\student\desktop\3d_actiongame\3d_action\team\release\team.iobj
c:\users\student\desktop\3d_actiongame\3d_action\team\team.pdb
c:\users\student\desktop\3d_actiongame\3d_action\team\release\vc.nativecodeanalysis.all.xml
c:\users\student\desktop\3d_actiongame\3d_action\team\release\team.tlog\cl.command.1.tlog
c:\users\student\desktop\3d_actiongame\3d_action\team\release\team.tlog\cl.read.1.tlog
c:\users\student\desktop\3d_actiongame\3d_action\team\release\team.tlog\cl.write.1.tlog
c:\users\student\desktop\3d_actiongame\3d_action\team\release\team.tlog\link.command.1.tlog
c:\users\student\desktop\3d_actiongame\3d_action\team\release\team.tlog\link.read.1.tlog
c:\users\student\desktop\3d_actiongame\3d_action\team\release\team.tlog\link.write.1.tlog
